2017-07-04 12:19:18 cid:  INFO  DefaultRavenFactory:0 - Using an HTTP connection to Sentry.
2017-07-04 12:19:25 cid:  INFO  Version:30 - HV000001: Hibernate Validator 5.2.4.Final
2017-07-04 12:19:30 cid:  INFO  SpringBootWebApplication:48 - Starting SpringBootWebApplication v1.0 on Shreyass-MacBook-Pro.local with PID 4581 (/Users/shreyasrh/Documents/workspace/.metadata/.plugins/org.eclipse.wst.server.core/tmp2/wtpwebapps/spring-boot-sentry/WEB-INF/classes started by shreyasrh in /private/var/folders/wp/566b5xcx089g_2d9jhzv9g3h0000gn/T/AppTranslocation/BE3D4E6C-6676-426E-BC47-5F2D6424D2D3/d/Eclipse.app/Contents/MacOS)
2017-07-04 12:19:30 cid:  INFO  SpringBootWebApplication:661 - No active profile set, falling back to default profiles: default
2017-07-04 12:19:31 cid:  INFO  AnnotationConfigEmbeddedWebApplicationContext:582 - Refreshing org.springframework.boot.context.embedded.AnnotationConfigEmbeddedWebApplicationContext@2e661227: startup date [Tue Jul 04 12:19:31 IST 2017]; root of context hierarchy
2017-07-04 12:19:32 cid:  INFO  ContextLoader:276 - Root WebApplicationContext: initialization completed in 1618 ms
2017-07-04 12:19:34 cid:  INFO  ServletRegistrationBean:190 - Mapping servlet: 'dispatcherServlet' to [/]
2017-07-04 12:19:34 cid:  INFO  FilterRegistrationBean:258 - Mapping filter: 'errorPageFilter' to: [/*]
2017-07-04 12:19:34 cid:  INFO  FilterRegistrationBean:258 - Mapping filter: 'characterEncodingFilter' to: [/*]
2017-07-04 12:19:34 cid:  INFO  FilterRegistrationBean:258 - Mapping filter: 'hiddenHttpMethodFilter' to: [/*]
2017-07-04 12:19:34 cid:  INFO  FilterRegistrationBean:258 - Mapping filter: 'httpPutFormContentFilter' to: [/*]
2017-07-04 12:19:34 cid:  INFO  FilterRegistrationBean:258 - Mapping filter: 'requestContextFilter' to: [/*]
2017-07-04 12:19:34 cid:  INFO  RequestMappingHandlerAdapter:534 - Looking for @ControllerAdvice: org.springframework.boot.context.embedded.AnnotationConfigEmbeddedWebApplicationContext@2e661227: startup date [Tue Jul 04 12:19:31 IST 2017]; root of context hierarchy
2017-07-04 12:19:35 cid:  INFO  RequestMappingHandlerMapping:543 - Mapped "{[/]}" onto public java.lang.String com.shreyas.WelcomeController.welcome(java.util.Map<java.lang.String, java.lang.Object>)
2017-07-04 12:19:35 cid:  INFO  RequestMappingHandlerMapping:543 - Mapped "{[/error]}" onto public org.springframework.http.ResponseEntity<java.util.Map<java.lang.String, java.lang.Object>> org.springframework.boot.autoconfigure.web.BasicErrorController.error(javax.servlet.http.HttpServletRequest)
2017-07-04 12:19:35 cid:  INFO  RequestMappingHandlerMapping:543 - Mapped "{[/error],produces=[text/html]}" onto public org.springframework.web.servlet.ModelAndView org.springframework.boot.autoconfigure.web.BasicErrorController.errorHtml(javax.servlet.http.HttpServletRequest,javax.servlet.http.HttpServletResponse)
2017-07-04 12:19:35 cid:  INFO  SimpleUrlHandlerMapping:354 - Mapped URL path [/webjars/**] onto handler of type [class org.springframework.web.servlet.resource.ResourceHttpRequestHandler]
2017-07-04 12:19:35 cid:  INFO  SimpleUrlHandlerMapping:354 - Mapped URL path [/**] onto handler of type [class org.springframework.web.servlet.resource.ResourceHttpRequestHandler]
2017-07-04 12:19:35 cid:  INFO  SimpleUrlHandlerMapping:354 - Mapped URL path [/**/favicon.ico] onto handler of type [class org.springframework.web.servlet.resource.ResourceHttpRequestHandler]
2017-07-04 12:19:35 cid:  INFO  AnnotationMBeanExporter:431 - Registering beans for JMX exposure on startup
2017-07-04 12:19:35 cid:  INFO  SpringBootWebApplication:57 - Started SpringBootWebApplication in 16.604 seconds (JVM running for 21.104)
2017-07-04 12:19:53 cid:  INFO  DispatcherServlet:489 - FrameworkServlet 'dispatcherServlet': initialization started
2017-07-04 12:19:53 cid:  INFO  DispatcherServlet:508 - FrameworkServlet 'dispatcherServlet': initialization completed in 27 ms
2017-07-04 12:19:53 cid:  ERROR WelcomeController:19 - This is error.
